{"C:\\Users\\renia\\Desktop\\gnStudio-2023\\gnNews-2023\\gnNewsApp\\src\\App.tsx": {"path":"C:\\Users\\renia\\Desktop\\gnStudio-2023\\gnNews-2023\\gnNewsApp\\src\\App.tsx","statementMap":{"0":{"start":{"line":10,"column":30},"end":{"line":10,"column":57}},"1":{"start":{"line":12,"column":2},"end":{"line":18,"column":3}},"2":{"start":{"line":13,"column":4},"end":{"line":17,"column":6}},"3":{"start":{"line":19,"column":2},"end":{"line":33,"column":4}}},"fnMap":{"0":{"name":"App","decl":{"start":{"line":9,"column":9},"end":{"line":9,"column":12}},"loc":{"start":{"line":9,"column":15},"end":{"line":34,"column":1}},"line":9}},"branchMap":{"0":{"loc":{"start":{"line":12,"column":2},"end":{"line":18,"column":3}},"type":"if","locations":[{"start":{"line":12,"column":2},"end":{"line":18,"column":3}},{"start":{},"end":{}}],"line":12}},"s":{"0":0,"1":0,"2":0,"3":0},"f":{"0":0},"b":{"0":[0,0]}}
,"C:\\Users\\renia\\Desktop\\gnStudio-2023\\gnNews-2023\\gnNewsApp\\src\\config.tsx": {"path":"C:\\Users\\renia\\Desktop\\gnStudio-2023\\gnNews-2023\\gnNewsApp\\src\\config.tsx","statementMap":{"0":{"start":{"line":1,"column":23},"end":{"line":1,"column":57}},"1":{"start":{"line":2,"column":24},"end":{"line":2,"column":62}},"2":{"start":{"line":3,"column":23},"end":{"line":3,"column":27}}},"fnMap":{},"branchMap":{},"s":{"0":0,"1":0,"2":0},"f":{},"b":{}}
,"C:\\Users\\renia\\Desktop\\gnStudio-2023\\gnNews-2023\\gnNewsApp\\src\\main.tsx": {"path":"C:\\Users\\renia\\Desktop\\gnStudio-2023\\gnNews-2023\\gnNewsApp\\src\\main.tsx","statementMap":{"0":{"start":{"line":11,"column":15},"end":{"line":31,"column":2}},"1":{"start":{"line":33,"column":0},"end":{"line":42,"column":2}}},"fnMap":{},"branchMap":{},"s":{"0":0,"1":0},"f":{},"b":{}}
,"C:\\Users\\renia\\Desktop\\gnStudio-2023\\gnNews-2023\\gnNewsApp\\src\\store.ts": {"path":"C:\\Users\\renia\\Desktop\\gnStudio-2023\\gnNews-2023\\gnNewsApp\\src\\store.ts","statementMap":{"0":{"start":{"line":4,"column":21},"end":{"line":8,"column":2}}},"fnMap":{},"branchMap":{},"s":{"0":0},"f":{},"b":{}}
,"C:\\Users\\renia\\Desktop\\gnStudio-2023\\gnNews-2023\\gnNewsApp\\src\\components\\Country.tsx": {"path":"C:\\Users\\renia\\Desktop\\gnStudio-2023\\gnNews-2023\\gnNewsApp\\src\\components\\Country.tsx","statementMap":{"0":{"start":{"line":12,"column":23},"end":{"line":57,"column":1}},"1":{"start":{"line":13,"column":38},"end":{"line":17,"column":4}},"2":{"start":{"line":18,"column":38},"end":{"line":18,"column":65}},"3":{"start":{"line":19,"column":22},"end":{"line":19,"column":33}},"4":{"start":{"line":21,"column":2},"end":{"line":41,"column":9}},"5":{"start":{"line":22,"column":25},"end":{"line":39,"column":5}},"6":{"start":{"line":23,"column":6},"end":{"line":23,"column":25}},"7":{"start":{"line":24,"column":6},"end":{"line":38,"column":7}},"8":{"start":{"line":25,"column":25},"end":{"line":27,"column":9}},"9":{"start":{"line":28,"column":21},"end":{"line":28,"column":42}},"10":{"start":{"line":29,"column":8},"end":{"line":29,"column":28}},"11":{"start":{"line":30,"column":8},"end":{"line":30,"column":28}},"12":{"start":{"line":31,"column":8},"end":{"line":31,"column":20}},"13":{"start":{"line":33,"column":8},"end":{"line":37,"column":9}},"14":{"start":{"line":34,"column":10},"end":{"line":34,"column":30}},"15":{"start":{"line":35,"column":10},"end":{"line":35,"column":37}},"16":{"start":{"line":36,"column":10},"end":{"line":36,"column":58}},"17":{"start":{"line":40,"column":4},"end":{"line":40,"column":19}},"18":{"start":{"line":43,"column":2},"end":{"line":49,"column":3}},"19":{"start":{"line":44,"column":4},"end":{"line":48,"column":6}},"20":{"start":{"line":50,"column":2},"end":{"line":56,"column":4}}},"fnMap":{"0":{"name":"(anonymous_0)","decl":{"start":{"line":12,"column":23},"end":{"line":12,"column":24}},"loc":{"start":{"line":12,"column":29},"end":{"line":57,"column":1}},"line":12},"1":{"name":"(anonymous_1)","decl":{"start":{"line":21,"column":12},"end":{"line":21,"column":13}},"loc":{"start":{"line":21,"column":18},"end":{"line":41,"column":3}},"line":21},"2":{"name":"(anonymous_2)","decl":{"start":{"line":22,"column":25},"end":{"line":22,"column":26}},"loc":{"start":{"line":22,"column":68},"end":{"line":39,"column":5}},"line":22}},"branchMap":{"0":{"loc":{"start":{"line":33,"column":8},"end":{"line":37,"column":9}},"type":"if","locations":[{"start":{"line":33,"column":8},"end":{"line":37,"column":9}},{"start":{},"end":{}}],"line":33},"1":{"loc":{"start":{"line":43,"column":2},"end":{"line":49,"column":3}},"type":"if","locations":[{"start":{"line":43,"column":2},"end":{"line":49,"column":3}},{"start":{},"end":{}}],"line":43}},"s":{"0":0,"1":0,"2":0,"3":0,"4":0,"5":0,"6":0,"7":0,"8":0,"9":0,"10":0,"11":0,"12":0,"13":0,"14":0,"15":0,"16":0,"17":0,"18":0,"19":0,"20":0},"f":{"0":0,"1":0,"2":0},"b":{"0":[0,0],"1":[0,0]}}
,"C:\\Users\\renia\\Desktop\\gnStudio-2023\\gnNews-2023\\gnNewsApp\\src\\components\\Footer.tsx": {"path":"C:\\Users\\renia\\Desktop\\gnStudio-2023\\gnNews-2023\\gnNewsApp\\src\\components\\Footer.tsx","statementMap":{"0":{"start":{"line":7,"column":15},"end":{"line":31,"column":1}},"1":{"start":{"line":10,"column":26},"end":{"line":10,"column":52}},"2":{"start":{"line":12,"column":2},"end":{"line":18,"column":5}},"3":{"start":{"line":13,"column":18},"end":{"line":13,"column":62}},"4":{"start":{"line":13,"column":36},"end":{"line":13,"column":55}},"5":{"start":{"line":15,"column":4},"end":{"line":17,"column":6}},"6":{"start":{"line":16,"column":6},"end":{"line":16,"column":27}},"7":{"start":{"line":20,"column":2},"end":{"line":30,"column":4}}},"fnMap":{"0":{"name":"(anonymous_0)","decl":{"start":{"line":7,"column":15},"end":{"line":7,"column":16}},"loc":{"start":{"line":9,"column":30},"end":{"line":31,"column":1}},"line":9},"1":{"name":"(anonymous_1)","decl":{"start":{"line":12,"column":12},"end":{"line":12,"column":13}},"loc":{"start":{"line":12,"column":18},"end":{"line":18,"column":3}},"line":12},"2":{"name":"(anonymous_2)","decl":{"start":{"line":13,"column":30},"end":{"line":13,"column":31}},"loc":{"start":{"line":13,"column":36},"end":{"line":13,"column":55}},"line":13},"3":{"name":"cleanup","decl":{"start":{"line":15,"column":20},"end":{"line":15,"column":27}},"loc":{"start":{"line":15,"column":30},"end":{"line":17,"column":5}},"line":15}},"branchMap":{},"s":{"0":0,"1":0,"2":0,"3":0,"4":0,"5":0,"6":0,"7":0},"f":{"0":0,"1":0,"2":0,"3":0},"b":{}}
,"C:\\Users\\renia\\Desktop\\gnStudio-2023\\gnNews-2023\\gnNewsApp\\src\\components\\Header.tsx": {"path":"C:\\Users\\renia\\Desktop\\gnStudio-2023\\gnNews-2023\\gnNewsApp\\src\\components\\Header.tsx","statementMap":{"0":{"start":{"line":10,"column":15},"end":{"line":61,"column":1}},"1":{"start":{"line":11,"column":36},"end":{"line":11,"column":51}},"2":{"start":{"line":12,"column":19},"end":{"line":12,"column":64}},"3":{"start":{"line":12,"column":53},"end":{"line":12,"column":63}},"4":{"start":{"line":13,"column":2},"end":{"line":13,"column":28}},"5":{"start":{"line":14,"column":19},"end":{"line":14,"column":32}},"6":{"start":{"line":15,"column":2},"end":{"line":60,"column":4}},"7":{"start":{"line":24,"column":49},"end":{"line":24,"column":76}},"8":{"start":{"line":28,"column":49},"end":{"line":28,"column":76}},"9":{"start":{"line":33,"column":47},"end":{"line":33,"column":71}},"10":{"start":{"line":53,"column":27},"end":{"line":53,"column":46}}},"fnMap":{"0":{"name":"(anonymous_0)","decl":{"start":{"line":10,"column":15},"end":{"line":10,"column":16}},"loc":{"start":{"line":10,"column":21},"end":{"line":61,"column":1}},"line":10},"1":{"name":"(anonymous_1)","decl":{"start":{"line":12,"column":31},"end":{"line":12,"column":32}},"loc":{"start":{"line":12,"column":53},"end":{"line":12,"column":63}},"line":12},"2":{"name":"(anonymous_2)","decl":{"start":{"line":24,"column":43},"end":{"line":24,"column":44}},"loc":{"start":{"line":24,"column":49},"end":{"line":24,"column":76}},"line":24},"3":{"name":"(anonymous_3)","decl":{"start":{"line":28,"column":43},"end":{"line":28,"column":44}},"loc":{"start":{"line":28,"column":49},"end":{"line":28,"column":76}},"line":28},"4":{"name":"(anonymous_4)","decl":{"start":{"line":33,"column":41},"end":{"line":33,"column":42}},"loc":{"start":{"line":33,"column":47},"end":{"line":33,"column":71}},"line":33},"5":{"name":"(anonymous_5)","decl":{"start":{"line":53,"column":21},"end":{"line":53,"column":22}},"loc":{"start":{"line":53,"column":27},"end":{"line":53,"column":46}},"line":53}},"branchMap":{"0":{"loc":{"start":{"line":23,"column":9},"end":{"line":31,"column":9}},"type":"binary-expr","locations":[{"start":{"line":23,"column":10},"end":{"line":23,"column":16}},{"start":{"line":24,"column":10},"end":{"line":26,"column":19}},{"start":{"line":28,"column":10},"end":{"line":30,"column":19}}],"line":23},"1":{"loc":{"start":{"line":38,"column":7},"end":{"line":58,"column":7}},"type":"binary-expr","locations":[{"start":{"line":38,"column":7},"end":{"line":38,"column":16}},{"start":{"line":39,"column":8},"end":{"line":57,"column":14}}],"line":38}},"s":{"0":0,"1":0,"2":0,"3":0,"4":0,"5":0,"6":0,"7":0,"8":0,"9":0,"10":0},"f":{"0":0,"1":0,"2":0,"3":0,"4":0,"5":0},"b":{"0":[0,0,0],"1":[0,0]}}
,"C:\\Users\\renia\\Desktop\\gnStudio-2023\\gnNews-2023\\gnNewsApp\\src\\components\\Loading.tsx": {"path":"C:\\Users\\renia\\Desktop\\gnStudio-2023\\gnNews-2023\\gnNewsApp\\src\\components\\Loading.tsx","statementMap":{"0":{"start":{"line":3,"column":16},"end":{"line":5,"column":1}},"1":{"start":{"line":4,"column":2},"end":{"line":4,"column":41}}},"fnMap":{"0":{"name":"(anonymous_0)","decl":{"start":{"line":3,"column":16},"end":{"line":3,"column":17}},"loc":{"start":{"line":3,"column":22},"end":{"line":5,"column":1}},"line":3}},"branchMap":{},"s":{"0":0,"1":0},"f":{"0":0},"b":{}}
,"C:\\Users\\renia\\Desktop\\gnStudio-2023\\gnNews-2023\\gnNewsApp\\src\\components\\NewsArticle.tsx": {"path":"C:\\Users\\renia\\Desktop\\gnStudio-2023\\gnNews-2023\\gnNewsApp\\src\\components\\NewsArticle.tsx","statementMap":{"0":{"start":{"line":7,"column":20},"end":{"line":54,"column":1}},"1":{"start":{"line":17,"column":32},"end":{"line":17,"column":47}},"2":{"start":{"line":18,"column":19},"end":{"line":18,"column":64}},"3":{"start":{"line":18,"column":53},"end":{"line":18,"column":63}},"4":{"start":{"line":19,"column":2},"end":{"line":19,"column":43}},"5":{"start":{"line":20,"column":2},"end":{"line":53,"column":4}},"6":{"start":{"line":25,"column":25},"end":{"line":25,"column":45}},"7":{"start":{"line":42,"column":25},"end":{"line":42,"column":45}}},"fnMap":{"0":{"name":"(anonymous_0)","decl":{"start":{"line":7,"column":20},"end":{"line":7,"column":21}},"loc":{"start":{"line":16,"column":36},"end":{"line":54,"column":1}},"line":16},"1":{"name":"(anonymous_1)","decl":{"start":{"line":18,"column":31},"end":{"line":18,"column":32}},"loc":{"start":{"line":18,"column":53},"end":{"line":18,"column":63}},"line":18},"2":{"name":"(anonymous_2)","decl":{"start":{"line":25,"column":19},"end":{"line":25,"column":20}},"loc":{"start":{"line":25,"column":25},"end":{"line":25,"column":45}},"line":25},"3":{"name":"(anonymous_3)","decl":{"start":{"line":42,"column":19},"end":{"line":42,"column":20}},"loc":{"start":{"line":42,"column":25},"end":{"line":42,"column":45}},"line":42}},"branchMap":{"0":{"loc":{"start":{"line":22,"column":7},"end":{"line":51,"column":7}},"type":"cond-expr","locations":[{"start":{"line":23,"column":8},"end":{"line":38,"column":18}},{"start":{"line":40,"column":8},"end":{"line":50,"column":18}}],"line":22},"1":{"loc":{"start":{"line":27,"column":11},"end":{"line":27,"column":77}},"type":"binary-expr","locations":[{"start":{"line":27,"column":11},"end":{"line":27,"column":21}},{"start":{"line":27,"column":25},"end":{"line":27,"column":77}}],"line":27},"2":{"loc":{"start":{"line":33,"column":15},"end":{"line":34,"column":39}},"type":"binary-expr","locations":[{"start":{"line":33,"column":16},"end":{"line":33,"column":27}},{"start":{"line":33,"column":31},"end":{"line":33,"column":69}},{"start":{"line":34,"column":16},"end":{"line":34,"column":39}}],"line":33},"3":{"loc":{"start":{"line":37,"column":11},"end":{"line":37,"column":75}},"type":"binary-expr","locations":[{"start":{"line":37,"column":11},"end":{"line":37,"column":18}},{"start":{"line":37,"column":22},"end":{"line":37,"column":75}}],"line":37},"4":{"loc":{"start":{"line":49,"column":11},"end":{"line":49,"column":75}},"type":"binary-expr","locations":[{"start":{"line":49,"column":11},"end":{"line":49,"column":18}},{"start":{"line":49,"column":22},"end":{"line":49,"column":75}}],"line":49}},"s":{"0":0,"1":0,"2":0,"3":0,"4":0,"5":0,"6":0,"7":0},"f":{"0":0,"1":0,"2":0,"3":0},"b":{"0":[0,0],"1":[0,0],"2":[0,0,0],"3":[0,0],"4":[0,0]}}
,"C:\\Users\\renia\\Desktop\\gnStudio-2023\\gnNews-2023\\gnNewsApp\\src\\components\\NewsList.tsx": {"path":"C:\\Users\\renia\\Desktop\\gnStudio-2023\\gnNews-2023\\gnNewsApp\\src\\components\\NewsList.tsx","statementMap":{"0":{"start":{"line":12,"column":17},"end":{"line":36,"column":1}},"1":{"start":{"line":15,"column":22},"end":{"line":15,"column":33}},"2":{"start":{"line":16,"column":19},"end":{"line":16,"column":64}},"3":{"start":{"line":16,"column":53},"end":{"line":16,"column":63}},"4":{"start":{"line":17,"column":2},"end":{"line":17,"column":38}},"5":{"start":{"line":18,"column":2},"end":{"line":35,"column":4}},"6":{"start":{"line":26,"column":10},"end":{"line":31,"column":12}}},"fnMap":{"0":{"name":"(anonymous_0)","decl":{"start":{"line":12,"column":17},"end":{"line":12,"column":18}},"loc":{"start":{"line":14,"column":30},"end":{"line":36,"column":1}},"line":14},"1":{"name":"(anonymous_1)","decl":{"start":{"line":16,"column":31},"end":{"line":16,"column":32}},"loc":{"start":{"line":16,"column":53},"end":{"line":16,"column":63}},"line":16},"2":{"name":"(anonymous_2)","decl":{"start":{"line":25,"column":22},"end":{"line":25,"column":23}},"loc":{"start":{"line":25,"column":35},"end":{"line":32,"column":9}},"line":25}},"branchMap":{"0":{"loc":{"start":{"line":21,"column":9},"end":{"line":21,"column":68}},"type":"cond-expr","locations":[{"start":{"line":21,"column":19},"end":{"line":21,"column":47}},{"start":{"line":21,"column":50},"end":{"line":21,"column":68}}],"line":21},"1":{"loc":{"start":{"line":24,"column":22},"end":{"line":24,"column":62}},"type":"cond-expr","locations":[{"start":{"line":24,"column":29},"end":{"line":24,"column":44}},{"start":{"line":24,"column":47},"end":{"line":24,"column":62}}],"line":24}},"s":{"0":0,"1":0,"2":0,"3":0,"4":0,"5":0,"6":0},"f":{"0":0,"1":0,"2":0},"b":{"0":[0,0],"1":[0,0]}}
,"C:\\Users\\renia\\Desktop\\gnStudio-2023\\gnNews-2023\\gnNewsApp\\src\\components\\Popup.tsx": {"path":"C:\\Users\\renia\\Desktop\\gnStudio-2023\\gnNews-2023\\gnNewsApp\\src\\components\\Popup.tsx","statementMap":{"0":{"start":{"line":8,"column":14},"end":{"line":18,"column":1}},"1":{"start":{"line":9,"column":2},"end":{"line":17,"column":4}}},"fnMap":{"0":{"name":"(anonymous_0)","decl":{"start":{"line":8,"column":14},"end":{"line":8,"column":15}},"loc":{"start":{"line":8,"column":69},"end":{"line":18,"column":1}},"line":8}},"branchMap":{"0":{"loc":{"start":{"line":11,"column":7},"end":{"line":11,"column":71}},"type":"cond-expr","locations":[{"start":{"line":11,"column":16},"end":{"line":11,"column":41}},{"start":{"line":11,"column":44},"end":{"line":11,"column":71}}],"line":11},"1":{"loc":{"start":{"line":12,"column":7},"end":{"line":12,"column":72}},"type":"cond-expr","locations":[{"start":{"line":12,"column":17},"end":{"line":12,"column":33}},{"start":{"line":12,"column":36},"end":{"line":12,"column":72}}],"line":12}},"s":{"0":0,"1":0},"f":{"0":0},"b":{"0":[0,0],"1":[0,0]}}
,"C:\\Users\\renia\\Desktop\\gnStudio-2023\\gnNews-2023\\gnNewsApp\\src\\components\\Sidebar.tsx": {"path":"C:\\Users\\renia\\Desktop\\gnStudio-2023\\gnNews-2023\\gnNewsApp\\src\\components\\Sidebar.tsx","statementMap":{"0":{"start":{"line":6,"column":16},"end":{"line":25,"column":1}},"1":{"start":{"line":7,"column":24},"end":{"line":7,"column":51}},"2":{"start":{"line":9,"column":2},"end":{"line":24,"column":4}},"3":{"start":{"line":13,"column":10},"end":{"line":20,"column":12}}},"fnMap":{"0":{"name":"(anonymous_0)","decl":{"start":{"line":6,"column":16},"end":{"line":6,"column":17}},"loc":{"start":{"line":6,"column":36},"end":{"line":25,"column":1}},"line":6},"1":{"name":"(anonymous_1)","decl":{"start":{"line":12,"column":23},"end":{"line":12,"column":24}},"loc":{"start":{"line":12,"column":43},"end":{"line":21,"column":9}},"line":12}},"branchMap":{},"s":{"0":0,"1":0,"2":0,"3":0},"f":{"0":0,"1":0},"b":{}}
,"C:\\Users\\renia\\Desktop\\gnStudio-2023\\gnNews-2023\\gnNewsApp\\src\\context\\ArticlesContext.tsx": {"path":"C:\\Users\\renia\\Desktop\\gnStudio-2023\\gnNews-2023\\gnNewsApp\\src\\context\\ArticlesContext.tsx","statementMap":{"0":{"start":{"line":4,"column":34},"end":{"line":4,"column":68}},"1":{"start":{"line":5,"column":43},"end":{"line":5,"column":68}},"2":{"start":{"line":38,"column":48},"end":{"line":44,"column":1}},"3":{"start":{"line":40,"column":31},"end":{"line":40,"column":41}},"4":{"start":{"line":45,"column":31},"end":{"line":45,"column":78}},"5":{"start":{"line":47,"column":39},"end":{"line":86,"column":1}},"6":{"start":{"line":48,"column":36},"end":{"line":48,"column":60}},"7":{"start":{"line":49,"column":36},"end":{"line":49,"column":69}},"8":{"start":{"line":50,"column":26},"end":{"line":54,"column":4}},"9":{"start":{"line":56,"column":2},"end":{"line":77,"column":9}},"10":{"start":{"line":57,"column":22},"end":{"line":74,"column":5}},"11":{"start":{"line":58,"column":6},"end":{"line":58,"column":25}},"12":{"start":{"line":59,"column":6},"end":{"line":73,"column":7}},"13":{"start":{"line":60,"column":25},"end":{"line":62,"column":9}},"14":{"start":{"line":63,"column":21},"end":{"line":63,"column":42}},"15":{"start":{"line":64,"column":8},"end":{"line":64,"column":28}},"16":{"start":{"line":65,"column":8},"end":{"line":65,"column":22}},"17":{"start":{"line":66,"column":8},"end":{"line":66,"column":20}},"18":{"start":{"line":68,"column":8},"end":{"line":72,"column":9}},"19":{"start":{"line":69,"column":10},"end":{"line":69,"column":30}},"20":{"start":{"line":70,"column":10},"end":{"line":70,"column":37}},"21":{"start":{"line":71,"column":10},"end":{"line":71,"column":58}},"22":{"start":{"line":76,"column":4},"end":{"line":76,"column":16}},"23":{"start":{"line":79,"column":2},"end":{"line":85,"column":4}}},"fnMap":{"0":{"name":"(anonymous_0)","decl":{"start":{"line":40,"column":16},"end":{"line":40,"column":17}},"loc":{"start":{"line":40,"column":31},"end":{"line":40,"column":41}},"line":40},"1":{"name":"(anonymous_1)","decl":{"start":{"line":43,"column":11},"end":{"line":43,"column":12}},"loc":{"start":{"line":43,"column":19},"end":{"line":43,"column":21}},"line":43},"2":{"name":"(anonymous_2)","decl":{"start":{"line":47,"column":39},"end":{"line":47,"column":40}},"loc":{"start":{"line":47,"column":71},"end":{"line":86,"column":1}},"line":47},"3":{"name":"(anonymous_3)","decl":{"start":{"line":56,"column":12},"end":{"line":56,"column":13}},"loc":{"start":{"line":56,"column":18},"end":{"line":77,"column":3}},"line":56},"4":{"name":"(anonymous_4)","decl":{"start":{"line":57,"column":22},"end":{"line":57,"column":23}},"loc":{"start":{"line":57,"column":65},"end":{"line":74,"column":5}},"line":57}},"branchMap":{"0":{"loc":{"start":{"line":68,"column":8},"end":{"line":72,"column":9}},"type":"if","locations":[{"start":{"line":68,"column":8},"end":{"line":72,"column":9}},{"start":{},"end":{}}],"line":68}},"s":{"0":0,"1":0,"2":0,"3":0,"4":0,"5":0,"6":0,"7":0,"8":0,"9":0,"10":0,"11":0,"12":0,"13":0,"14":0,"15":0,"16":0,"17":0,"18":0,"19":0,"20":0,"21":0,"22":0,"23":0},"f":{"0":0,"1":0,"2":0,"3":0,"4":0},"b":{"0":[0,0]}}
,"C:\\Users\\renia\\Desktop\\gnStudio-2023\\gnNews-2023\\gnNewsApp\\src\\data\\countriesList.tsx": {"path":"C:\\Users\\renia\\Desktop\\gnStudio-2023\\gnNews-2023\\gnNewsApp\\src\\data\\countriesList.tsx","statementMap":{"0":{"start":{"line":1,"column":39},"end":{"line":56,"column":1}}},"fnMap":{},"branchMap":{},"s":{"0":0},"f":{},"b":{}}
,"C:\\Users\\renia\\Desktop\\gnStudio-2023\\gnNews-2023\\gnNewsApp\\src\\features\\viewSlice.ts": {"path":"C:\\Users\\renia\\Desktop\\gnStudio-2023\\gnNews-2023\\gnNewsApp\\src\\features\\viewSlice.ts","statementMap":{"0":{"start":{"line":11,"column":31},"end":{"line":11,"column":45}},"1":{"start":{"line":13,"column":25},"end":{"line":21,"column":2}},"2":{"start":{"line":18,"column":6},"end":{"line":18,"column":34}},"3":{"start":{"line":23,"column":30},"end":{"line":23,"column":47}}},"fnMap":{"0":{"name":"(anonymous_0)","decl":{"start":{"line":17,"column":16},"end":{"line":17,"column":17}},"loc":{"start":{"line":17,"column":59},"end":{"line":19,"column":5}},"line":17}},"branchMap":{},"s":{"0":0,"1":0,"2":0,"3":0},"f":{"0":0},"b":{}}
,"C:\\Users\\renia\\Desktop\\gnStudio-2023\\gnNews-2023\\gnNewsApp\\src\\routes\\RootLayout.tsx": {"path":"C:\\Users\\renia\\Desktop\\gnStudio-2023\\gnNews-2023\\gnNewsApp\\src\\routes\\RootLayout.tsx","statementMap":{"0":{"start":{"line":4,"column":19},"end":{"line":11,"column":1}},"1":{"start":{"line":5,"column":2},"end":{"line":10,"column":4}}},"fnMap":{"0":{"name":"(anonymous_0)","decl":{"start":{"line":4,"column":19},"end":{"line":4,"column":20}},"loc":{"start":{"line":4,"column":25},"end":{"line":11,"column":1}},"line":4}},"branchMap":{},"s":{"0":0,"1":0},"f":{"0":0},"b":{}}
}
